INFO:root:Connection established successfully
INFO:root:Database created successfully
INFO:root:Closed connection
INFO:root:Connection established successfully
INFO:root:Push queries executed successfully
INFO:root:Push queries executed successfully
INFO:root:Push queries executed successfully
INFO:root:Pull query executed successfully
INFO:root:Connection established successfully
INFO:root:Database created successfully
INFO:root:Closed connection
INFO:root:Connection established successfully
ERROR:root:1050 (42S01): Table 'teacher' already exists
INFO:root:Connection established successfully
INFO:root:Database created successfully
INFO:root:Closed connection
INFO:root:Connection established successfully
INFO:root:Push queries executed successfully
ERROR:root:1050 (42S01): Table 'takes_course' already exists
INFO:root:Connection established successfully
INFO:root:Database created successfully
INFO:root:Closed connection
INFO:root:Connection established successfully
INFO:root:Push queries executed successfully
INFO:root:Push queries executed successfully
ERROR:root:1062 (23000): Duplicate entry '1' for key 'teacher.PRIMARY'
INFO:root:Connection established successfully
INFO:root:Database created successfully
INFO:root:Closed connection
INFO:root:Connection established successfully
INFO:root:Database created successfully
INFO:root:Closed connection
INFO:root:Connection established successfully
INFO:root:Database created successfully
INFO:root:Closed connection
INFO:root:Connection established successfully
INFO:root:Database created successfully
INFO:root:Closed connection
INFO:root:Connection established successfully
